mktextfm cmr12
mktextfm pzdr
mktextfm psyr
mktextfm ecrm1200
mktextfm aer12
mktextfm aer17
mktextfm aeti12
mktextfm aer12
mktextfm cmr12
mktextfm cmmi12
mktextfm cmsy10
mktextfm cmex10
mktextfm cmex7
mktextfm msam10
mktextfm msam10
mktextfm msam7
mktextfm msbm10
mktextfm msbm10
mktextfm msbm7
mktextfm tcrm1440
mktextfm nullfont
mktextfm aer17
mktextfm aebx12
mktextfm aebx12
mktextfm aeti12
mktextfm aebxti10
mktextfm aett12
mktextfm aesltt10
mktextfm aebx12
mktextfm cmr8
mktextfm cmr6
mktextfm cmmi12
mktextfm cmmi8
mktextfm cmmi6
mktextfm cmsy10
mktextfm cmsy8
mktextfm cmsy6
mktextfm cmex10
mktextfm cmex8
mktextfm cmex7
mktextfm msam10
mktextfm msam8
mktextfm msam6
mktextfm msbm10
mktextfm msbm8
mktextfm msbm6
mktextfm tctt1200
mktextfm nullfont
mktextfm aer8
mktextfm aer6
mktextfm cmtt12
mktextfm cmtt8
mktextfm cmtt8
